<?xml version='1.0'?>
<ns2:test-suite xmlns:ns2='urn:model.allure.qatools.yandex.ru' start='1627386703015' stop='1627386727021'>
    <name>TEXTILE GENESIS APPLICATION</name>
    <title>TEXTILE GENESIS APPLICATION</title>
    <test-cases>
        <test-case start='1627386703015' status='broken' stop='1627386703252'>
            <name>Open registeration</name>
            <title>Open registeration</title>
            <labels/>
            <parameters/>
            <steps/>
            <attachments/>
            <failure>
                <message>reg is not defined</message>
                <stack-trace>ReferenceError: reg is not defined
                    at Context.eval (http://localhost:54570/__cypress/tests?p=cypress\integration\TE\Registration.js:106:5)</stack-trace>
            </failure>
        </test-case>
        <test-case start='1627386703297' status='broken' stop='1627386703497'>
            <name>Company info</name>
            <title>Company info</title>
            <labels/>
            <parameters/>
            <steps/>
            <attachments/>
            <failure>
                <message>reg is not defined</message>
                <stack-trace>ReferenceError: reg is not defined
                    at Context.eval (http://localhost:54570/__cypress/tests?p=cypress\integration\TE\Registration.js:111:5)</stack-trace>
            </failure>
        </test-case>
        <test-case start='1627386703513' status='failed' stop='1627386707711'>
            <name>Admin info</name>
            <title>Admin info</title>
            <labels/>
            <parameters/>
            <steps/>
            <attachments/>
            <failure>
                <message>Timed out retrying after 4000ms: Expected to find element: `#mat-input-25`, but never found it.</message>
                <stack-trace>AssertionError: Timed out retrying after 4000ms: Expected to find element: `#mat-input-25`, but never found it.
                    at Context.eval (http://localhost:54570/__cypress/tests?p=cypress\integration\TE\Registration.js:127:8)</stack-trace>
            </failure>
        </test-case>
        <test-case start='1627386707733' status='broken' stop='1627386718550'>
            <name>GET OTP FROM THE EMAIL</name>
            <title>GET OTP FROM THE EMAIL</title>
            <labels/>
            <parameters/>
            <steps/>
            <attachments/>
            <failure>
                <message>No matching messages found in time. By default, only messages received in the last hour are checked (use receivedAfter to override this).</message>
                <stack-trace>Error: No matching messages found in time. By default, only messages received in the last hour are checked (use receivedAfter to override this).
                    at eval (http://localhost:54570/__cypress/tests?p=cypress\support\index.js:9842:24)</stack-trace>
            </failure>
        </test-case>
        <test-case start='1627386718564' status='failed' stop='1627386722778'>
            <name>User details</name>
            <title>User details</title>
            <labels/>
            <parameters/>
            <steps/>
            <attachments/>
            <failure>
                <message>Timed out retrying after 4000ms: Expected to find element: `#mat-input-29`, but never found it.</message>
                <stack-trace>AssertionError: Timed out retrying after 4000ms: Expected to find element: `#mat-input-29`, but never found it.
                    at Context.eval (http://localhost:54570/__cypress/tests?p=cypress\integration\TE\Registration.js:143:8)</stack-trace>
            </failure>
        </test-case>
        <test-case start='1627386722798' status='failed' stop='1627386726996'>
            <name>Role info</name>
            <title>Role info</title>
            <labels/>
            <parameters/>
            <steps/>
            <attachments/>
            <failure>
                <message>Timed out retrying after 4000ms: Expected to find element: `#mat-checkbox-8-input`, but never found it.</message>
                <stack-trace>AssertionError: Timed out retrying after 4000ms: Expected to find element: `#mat-checkbox-8-input`, but never found it.
                    at Context.eval (http://localhost:54570/__cypress/tests?p=cypress\integration\TE\Registration.js:153:8)</stack-trace>
            </failure>
        </test-case>
    </test-cases>
</ns2:test-suite>