<?xml version='1.0'?>
<ns2:test-suite xmlns:ns2='urn:model.allure.qatools.yandex.ru' start='1627452201389' stop='1627452226352'>
    <name>TEXTILE GENESIS APPLICATION</name>
    <title>TEXTILE GENESIS APPLICATION</title>
    <test-cases>
        <test-case start='1627452201389' status='failed' stop='1627452226305'>
            <name>Open registeration</name>
            <title>Open registeration</title>
            <labels/>
            <parameters/>
            <steps/>
            <attachments/>
            <failure>
                <message>Timed out retrying after 4000ms: Expected to find element: `#mat-input-25`, but never found it.</message>
                <stack-trace>AssertionError: Timed out retrying after 4000ms: Expected to find element: `#mat-input-25`, but never found it.
                    at Registration.get Email [as Email] (http://localhost:4200/__cypress/tests?p=cypress\integration\TE\Registration1.js:276:15)
                    at registrationLogic.enterAdminInfoDetails (http://localhost:4200/__cypress/tests?p=cypress\integration\TE\Registration1.js:146:21)
                    at Context.eval (http://localhost:4200/__cypress/tests?p=cypress\integration\TE\Registration1.js:359:32)</stack-trace>
            </failure>
        </test-case>
    </test-cases>
</ns2:test-suite>